[debug] [2023-02-07T10:36:07.418Z] ----------------------------------------------------------------------
[debug] [2023-02-07T10:36:07.419Z] Command:       /Users/brucewilliams/.nvm/versions/node/v16.14.2/bin/node /Users/brucewilliams/.nvm/versions/node/v16.14.2/bin/firebase init
[debug] [2023-02-07T10:36:07.420Z] CLI Version:   11.22.0
[debug] [2023-02-07T10:36:07.420Z] Platform:      darwin
[debug] [2023-02-07T10:36:07.420Z] Node Version:  v16.14.2
[debug] [2023-02-07T10:36:07.421Z] Time:          Tue Feb 07 2023 10:36:07 GMT+0000 (Greenwich Mean Time)
[debug] [2023-02-07T10:36:07.421Z] ----------------------------------------------------------------------
[debug] 
[debug] [2023-02-07T10:36:07.424Z] > command requires scopes: ["email","openid","https://www.googleapis.com/auth/cloudplatformprojects.readonly","https://www.googleapis.com/auth/firebase","https://www.googleapis.com/auth/cloud-platform"]
[debug] [2023-02-07T10:36:07.424Z] > authorizing via signed-in user (bruceprwilliams@gmail.com)
[info] 
     ######## #### ########  ######## ########     ###     ######  ########
     ##        ##  ##     ## ##       ##     ##  ##   ##  ##       ##
     ######    ##  ########  ######   ########  #########  ######  ######
     ##        ##  ##    ##  ##       ##     ## ##     ##       ## ##
     ##       #### ##     ## ######## ########  ##     ##  ######  ########

You're about to initialize a Firebase project in this directory:

  /Users/brucewilliams/misc/coureact/coureact

[info] 
=== Project Setup
[info] 
[info] First, let's associate this project directory with a Firebase project.
[info] You can create multiple project aliases by running firebase use --add, 
[info] but for now we'll just set up a default project.
[info] 
[debug] [2023-02-07T10:37:17.161Z] >>> [apiv2][query] GET https://firebase.googleapis.com/v1beta1/projects pageSize=100
[debug] [2023-02-07T10:37:17.640Z] <<< [apiv2][status] GET https://firebase.googleapis.com/v1beta1/projects 200
[debug] [2023-02-07T10:37:17.640Z] <<< [apiv2][body] GET https://firebase.googleapis.com/v1beta1/projects [omitted]
[info] i  Using project coureact (CouReact) 
[info] 
=== Database Setup
[info] i  database: ensuring required API firebasedatabase.googleapis.com is enabled... 
[debug] [2023-02-07T10:37:19.142Z] >>> [apiv2][query] GET https://serviceusage.googleapis.com/v1/projects/coureact/services/firebasedatabase.googleapis.com [none]
[debug] [2023-02-07T10:37:19.142Z] >>> [apiv2][(partial)header] GET https://serviceusage.googleapis.com/v1/projects/coureact/services/firebasedatabase.googleapis.com x-goog-quota-user=projects/coureact
[debug] [2023-02-07T10:37:20.461Z] <<< [apiv2][status] GET https://serviceusage.googleapis.com/v1/projects/coureact/services/firebasedatabase.googleapis.com 200
[debug] [2023-02-07T10:37:20.461Z] <<< [apiv2][body] GET https://serviceusage.googleapis.com/v1/projects/coureact/services/firebasedatabase.googleapis.com [omitted]
[warn] ⚠  database: missing required API firebasedatabase.googleapis.com. Enabling now... 
[debug] [2023-02-07T10:37:20.462Z] >>> [apiv2][query] POST https://serviceusage.googleapis.com/v1/projects/coureact/services/firebasedatabase.googleapis.com:enable [none]
[debug] [2023-02-07T10:37:20.462Z] >>> [apiv2][(partial)header] POST https://serviceusage.googleapis.com/v1/projects/coureact/services/firebasedatabase.googleapis.com:enable x-goog-quota-user=projects/coureact
[debug] [2023-02-07T10:37:21.644Z] <<< [apiv2][status] POST https://serviceusage.googleapis.com/v1/projects/coureact/services/firebasedatabase.googleapis.com:enable 200
[debug] [2023-02-07T10:37:21.644Z] <<< [apiv2][body] POST https://serviceusage.googleapis.com/v1/projects/coureact/services/firebasedatabase.googleapis.com:enable [omitted]
[debug] [2023-02-07T10:37:31.647Z] >>> [apiv2][query] GET https://serviceusage.googleapis.com/v1/projects/coureact/services/firebasedatabase.googleapis.com [none]
[debug] [2023-02-07T10:37:31.648Z] >>> [apiv2][(partial)header] GET https://serviceusage.googleapis.com/v1/projects/coureact/services/firebasedatabase.googleapis.com x-goog-quota-user=projects/coureact
[debug] [2023-02-07T10:37:32.568Z] <<< [apiv2][status] GET https://serviceusage.googleapis.com/v1/projects/coureact/services/firebasedatabase.googleapis.com 200
[debug] [2023-02-07T10:37:32.569Z] <<< [apiv2][body] GET https://serviceusage.googleapis.com/v1/projects/coureact/services/firebasedatabase.googleapis.com [omitted]
[info] ✔  database: required API firebasedatabase.googleapis.com is enabled 
[info] 
[debug] [2023-02-07T10:37:32.575Z] >>> [apiv2][query] GET https://firebase.googleapis.com/v1beta1/projects/coureact [none]
[debug] [2023-02-07T10:37:32.826Z] <<< [apiv2][status] GET https://firebase.googleapis.com/v1beta1/projects/coureact 200
[debug] [2023-02-07T10:37:32.827Z] <<< [apiv2][body] GET https://firebase.googleapis.com/v1beta1/projects/coureact {"projectId":"coureact","projectNumber":"188512414625","displayName":"CouReact","name":"projects/coureact","resources":{"hostingSite":"coureact"},"state":"ACTIVE","etag":"1_c1918afd-80f0-4763-a62f-34b5fb6333f3"}
[debug] [2023-02-07T10:37:43.819Z] >>> [apiv2][query] POST https://firebasedatabase.googleapis.com/v1beta/projects/coureact/locations/europe-west1/instances databaseId=coureact-default-rtdb&validateOnly=true
[debug] [2023-02-07T10:37:43.819Z] >>> [apiv2][body] POST https://firebasedatabase.googleapis.com/v1beta/projects/coureact/locations/europe-west1/instances {"type":"default_database"}
[debug] [2023-02-07T10:37:44.734Z] <<< [apiv2][status] POST https://firebasedatabase.googleapis.com/v1beta/projects/coureact/locations/europe-west1/instances 200
[debug] [2023-02-07T10:37:44.735Z] <<< [apiv2][body] POST https://firebasedatabase.googleapis.com/v1beta/projects/coureact/locations/europe-west1/instances {"name":"projects/188512414625/locations/europe-west1/instances/coureact-default-rtdb","project":"projects/188512414625","databaseUrl":"https://coureact-default-rtdb.europe-west1.firebasedatabase.app","type":"DEFAULT_DATABASE","state":"ACTIVE"}
[debug] [2023-02-07T10:37:44.738Z] >>> [apiv2][query] POST https://firebasedatabase.googleapis.com/v1beta/projects/coureact/locations/europe-west1/instances databaseId=coureact-default-rtdb
[debug] [2023-02-07T10:37:44.738Z] >>> [apiv2][body] POST https://firebasedatabase.googleapis.com/v1beta/projects/coureact/locations/europe-west1/instances {"type":"default_database"}
[debug] [2023-02-07T10:37:45.648Z] <<< [apiv2][status] POST https://firebasedatabase.googleapis.com/v1beta/projects/coureact/locations/europe-west1/instances 200
[debug] [2023-02-07T10:37:45.648Z] <<< [apiv2][body] POST https://firebasedatabase.googleapis.com/v1beta/projects/coureact/locations/europe-west1/instances {"name":"projects/188512414625/locations/europe-west1/instances/coureact-default-rtdb","project":"projects/188512414625","databaseUrl":"https://coureact-default-rtdb.europe-west1.firebasedatabase.app","type":"DEFAULT_DATABASE","state":"ACTIVE"}
[info] 
[info] Firebase Realtime Database Security Rules allow you to define how your data should be
[info] structured and when your data can be read from and written to.
[info] 
[debug] [2023-02-07T10:37:48.435Z] >>> [apiv2][query] GET https://coureact-default-rtdb.europe-west1.firebasedatabase.app/.settings/rules.json [none]
[debug] [2023-02-07T10:37:49.732Z] <<< [apiv2][status] GET https://coureact-default-rtdb.europe-west1.firebasedatabase.app/.settings/rules.json 200
[debug] [2023-02-07T10:37:49.732Z] <<< [apiv2][body] GET https://coureact-default-rtdb.europe-west1.firebasedatabase.app/.settings/rules.json [stream]
[info] ✔  Database Rules for coureact-default-rtdb have been written to database.rules.json. 
[info] Future modifications to database.rules.json will update Realtime Database Security Rules when you run
[info] firebase deploy.
[info] 
=== Hosting Setup
[info] 
[info] Your public directory is the folder (relative to your project directory) that
[info] will contain Hosting assets to be uploaded with firebase deploy. If you
[info] have a build process for your assets, use your build's output directory.
[info] 
[info] ✔  Wrote public/404.html 
[debug] [2023-02-07T10:38:13.816Z] >>> [apiv2][query] GET https://www.gstatic.com/firebasejs/releases.json [none]
[debug] [2023-02-07T10:38:13.912Z] <<< [apiv2][status] GET https://www.gstatic.com/firebasejs/releases.json 200
[debug] [2023-02-07T10:38:13.912Z] <<< [apiv2][body] GET https://www.gstatic.com/firebasejs/releases.json {"current":{"version":"9.17.1","browserURL":"https://www.gstatic.com/firebasejs/9.17.1/firebase.js","packageURL":"https://www.gstatic.com/firebasejs/9.17.1/firebase.tgz"},"live":{"version":"9.17","browserURL":"https://www.gstatic.com/firebasejs/live/9.17/firebase.js","packageURL":"https://www.gstatic.com/firebasejs/live/9.17/firebase.tgz"},"components":{"analytics":"https://www.gstatic.com/firebasejs/9.17.1/firebase-analytics.js","app":"https://www.gstatic.com/firebasejs/9.17.1/firebase-app.js","app-check":"https://www.gstatic.com/firebasejs/9.17.1/firebase-app-check.js","auth":"https://www.gstatic.com/firebasejs/9.17.1/firebase-auth.js","auth/cordova":"https://www.gstatic.com/firebasejs/9.17.1/firebase-auth/cordova.js","auth/react-native":"https://www.gstatic.com/firebasejs/9.17.1/firebase-auth/react-native.js","functions":"https://www.gstatic.com/firebasejs/9.17.1/firebase-functions.js","firestore":"https://www.gstatic.com/firebasejs/9.17.1/firebase-firestore.js","firestore/lite":"https://www.gstatic.com/firebasejs/9.17.1/firebase-firestore/lite.js","installations":"https://www.gstatic.com/firebasejs/9.17.1/firebase-installations.js","storage":"https://www.gstatic.com/firebasejs/9.17.1/firebase-storage.js","performance":"https://www.gstatic.com/firebasejs/9.17.1/firebase-performance.js","remote-config":"https://www.gstatic.com/firebasejs/9.17.1/firebase-remote-config.js","messaging":"https://www.gstatic.com/firebasejs/9.17.1/firebase-messaging.js","messaging/sw":"https://www.gstatic.com/firebasejs/9.17.1/firebase-messaging/sw.js","database":"https://www.gstatic.com/firebasejs/9.17.1/firebase-database.js","firestore.memory":"https://www.gstatic.com/firebasejs/9.17.1/firebase-firestore.memory.js"}}
[info] ✔  Wrote public/index.html 
[info] 
[info] i  Detected a .git folder at /Users/brucewilliams/misc/coureact/coureact 
[info] i  Authorizing with GitHub to upload your service account to a GitHub repository's secrets store. 
[info] 
[info] Visit this URL on this device to log in:
[info] https://github.com/login/oauth/authorize?client_id=89cf50f02ac6aaed3484&state=742372325&redirect_uri=http%3A%2F%2Flocalhost%3A9005&scope=read%3Auser%20repo%20public_repo
[info] 
[info] Waiting for authentication...
[debug] [2023-02-07T10:38:32.749Z] >>> [apiv2][query] POST https://github.com/login/oauth/access_token [none]
[debug] [2023-02-07T10:38:32.750Z] >>> [apiv2][body] POST https://github.com/login/oauth/access_token [stream]
[debug] [2023-02-07T10:38:33.086Z] <<< [apiv2][status] POST https://github.com/login/oauth/access_token 200
[debug] [2023-02-07T10:38:33.086Z] <<< [apiv2][body] POST https://github.com/login/oauth/access_token {"access_token":"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","token_type":"bearer","scope":"read:user,repo"}
[debug] [2023-02-07T10:38:33.094Z] >>> [apiv2][query] GET https://api.github.com/user [none]
[debug] [2023-02-07T10:38:33.482Z] <<< [apiv2][status] GET https://api.github.com/user 200
[debug] [2023-02-07T10:38:33.482Z] <<< [apiv2][body] GET https://api.github.com/user {"login":"bruceprw","id":47341152,"node_id":"MDQ6VXNlcjQ3MzQxMTUy","avatar_url":"https://avatars.githubusercontent.com/u/47341152?v=4","gravatar_id":"","url":"https://api.github.com/users/bruceprw","html_url":"https://github.com/bruceprw","followers_url":"https://api.github.com/users/bruceprw/followers","following_url":"https://api.github.com/users/bruceprw/following{/other_user}","gists_url":"https://api.github.com/users/bruceprw/gists{/gist_id}","starred_url":"https://api.github.com/users/bruceprw/starred{/owner}{/repo}","subscriptions_url":"https://api.github.com/users/bruceprw/subscriptions","organizations_url":"https://api.github.com/users/bruceprw/orgs","repos_url":"https://api.github.com/users/bruceprw/repos","events_url":"https://api.github.com/users/bruceprw/events{/privacy}","received_events_url":"https://api.github.com/users/bruceprw/received_events","type":"User","site_admin":false,"name":"Bruce Williams","company":"Roku","blog":"https://bruceprw.github.io/cv/","location":"UK","email":null,"hireable":null,"bio":"Full Stack Software Engineer","twitter_username":null,"public_repos":20,"public_gists":1,"followers":0,"following":1,"created_at":"2019-02-05T01:13:05Z","updated_at":"2023-02-01T12:51:44Z","private_gists":1,"total_private_repos":8,"owned_private_repos":8,"disk_usage":112176,"collaborators":3,"two_factor_authentication":false,"plan":{"name":"pro","space":976562499,"collaborators":0,"private_repos":9999}}
[info] 
[info] ✔  Success! Logged into GitHub as bruceprw 
[info] 
